2018-02-12 16:08:56,726 [Worker-2] INFO  c.g.t.t.d.PublishedGradleVersions - Gradle version information cache is not available. Remote download required.
2018-02-13 14:05:12,355 [Worker-4] INFO  c.g.t.t.d.PublishedGradleVersions - Gradle version information cache is up-to-date. Trying to read.
2018-02-14 15:58:00,849 [Start Help Server] INFO  org.eclipse.jetty.util.log - Logging initialized @92978541ms to org.eclipse.jetty.util.log.Slf4jLog
2018-02-14 15:58:01,091 [Start Help Server] INFO  org.eclipse.jetty.server.Server - jetty-9.4.7.v20170914
2018-02-14 15:58:01,121 [Start Help Server] INFO  org.eclipse.jetty.server.session - DefaultSessionIdManager workerName=node0
2018-02-14 15:58:01,121 [Start Help Server] INFO  org.eclipse.jetty.server.session - No SessionScavenger set, using defaults
2018-02-14 15:58:01,123 [Start Help Server] INFO  org.eclipse.jetty.server.session - Scavenging every 600000ms
2018-02-14 15:58:01,155 [Start Help Server] INFO  o.e.j.server.handler.ContextHandler - Started o.e.j.s.ServletContextHandler@4b2bd94f{/help,null,AVAILABLE}
2018-02-14 15:58:01,184 [Start Help Server] INFO  o.e.jetty.server.AbstractConnector - Started ServerConnector@5b316311{HTTP/1.1,[http/1.1]}{127.0.0.1:60018}
2018-02-14 15:58:01,184 [Start Help Server] INFO  org.eclipse.jetty.server.Server - Started @92978877ms
2018-02-14 18:56:52,717 [Stop Help Server] INFO  o.e.jetty.server.AbstractConnector - Stopped ServerConnector@5b316311{HTTP/1.1,[http/1.1]}{127.0.0.1:0}
2018-02-14 18:56:52,718 [Stop Help Server] INFO  org.eclipse.jetty.server.session - Stopped scavenging
2018-02-14 18:56:52,733 [Stop Help Server] INFO  o.e.j.server.handler.ContextHandler - Stopped o.e.j.s.ServletContextHandler@4b2bd94f{/help,null,UNAVAILABLE}
2018-02-14 18:57:47,924 [Worker-8] INFO  c.g.t.t.d.PublishedGradleVersions - Gradle version information cache is out-of-date. Trying to update.
2018-02-16 09:53:02,407 [Worker-10] INFO  c.g.t.t.d.PublishedGradleVersions - Gradle version information cache is out-of-date. Trying to update.
2018-02-16 10:28:05,999 [Worker-1] INFO  c.g.t.t.d.PublishedGradleVersions - Gradle version information cache is up-to-date. Trying to read.
2018-02-19 16:39:24,215 [Worker-2] INFO  c.g.t.t.d.PublishedGradleVersions - Gradle version information cache is out-of-date. Trying to update.
2018-03-11 17:20:03,063 [Worker-1] INFO  c.g.t.t.d.PublishedGradleVersions - Gradle version information cache is out-of-date. Trying to update.
2018-03-11 17:23:23,864 [Worker-2] INFO  c.g.t.t.d.PublishedGradleVersions - Gradle version information cache is up-to-date. Trying to read.
2018-03-14 18:19:35,754 [Worker-2] INFO  c.g.t.t.d.PublishedGradleVersions - Gradle version information cache is out-of-date. Trying to update.
2018-03-15 12:57:29,128 [Worker-4] INFO  c.g.t.t.d.PublishedGradleVersions - Gradle version information cache is up-to-date. Trying to read.
2018-03-23 16:00:06,571 [Worker-2] INFO  c.g.t.t.d.PublishedGradleVersions - Gradle version information cache is out-of-date. Trying to update.
2018-03-25 17:01:54,844 [Worker-3] INFO  c.g.t.t.d.PublishedGradleVersions - Gradle version information cache is out-of-date. Trying to update.
